{"/Users/nadinefiona/Downloads/MyBrand-BE/src/index.ts": {"path":"/Users/nadinefiona/Downloads/MyBrand-BE/src/index.ts","statementMap":{"0":{"start":{"line":1,"column":0},"end":{"line":1,"column":60}},"1":{"start":{"line":3,"column":0},"end":{"line":3,"column":38}},"2":{"start":{"line":4,"column":0},"end":{"line":4,"column":28}},"3":{"start":{"line":5,"column":0},"end":{"line":5,"column":37}},"4":{"start":{"line":6,"column":0},"end":{"line":6,"column":64}},"5":{"start":{"line":9,"column":0},"end":{"line":9,"column":16}},"6":{"start":{"line":11,"column":0},"end":{"line":11,"column":45}},"7":{"start":{"line":12,"column":21},"end":{"line":12,"column":30}},"8":{"start":{"line":14,"column":0},"end":{"line":14,"column":21}},"9":{"start":{"line":16,"column":0},"end":{"line":16,"column":58}},"10":{"start":{"line":19,"column":0},"end":{"line":19,"column":24}},"11":{"start":{"line":20,"column":0},"end":{"line":20,"column":null}},"12":{"start":{"line":21,"column":0},"end":{"line":21,"column":24}},"13":{"start":{"line":25,"column":13},"end":{"line":25,"column":37}},"14":{"start":{"line":28,"column":0},"end":{"line":30,"column":3}},"15":{"start":{"line":29,"column":2},"end":{"line":29,"column":67}},"16":{"start":{"line":32,"column":0},"end":{"line":32,"column":19}}},"fnMap":{"0":{"name":"(anonymous_1)","decl":{"start":{"line":28,"column":17},"end":{"line":28,"column":20}},"loc":{"start":{"line":28,"column":22},"end":{"line":30,"column":1}}}},"branchMap":{"0":{"loc":{"start":{"line":25,"column":13},"end":{"line":25,"column":37}},"type":"binary-expr","locations":[{"start":{"line":25,"column":13},"end":{"line":25,"column":29}},{"start":{"line":25,"column":33},"end":{"line":25,"column":37}}]}},"s":{"0":1,"1":1,"2":1,"3":1,"4":1,"5":1,"6":1,"7":1,"8":1,"9":1,"10":1,"11":1,"12":1,"13":1,"14":1,"15":0,"16":1},"f":{"0":0},"b":{"0":[1,0]}}
,"/Users/nadinefiona/Downloads/MyBrand-BE/src/swagger.ts": {"path":"/Users/nadinefiona/Downloads/MyBrand-BE/src/swagger.ts","statementMap":{"0":{"start":{"line":1,"column":0},"end":{"line":1,"column":43}},"1":{"start":{"line":2,"column":0},"end":{"line":2,"column":41}},"2":{"start":{"line":4,"column":23},"end":{"line":28,"column":2}},"3":{"start":{"line":30,"column":20},"end":{"line":30,"column":48}},"4":{"start":{"line":32,"column":13},"end":{"line":32,"column":51}},"5":{"start":{"line":33,"column":13},"end":{"line":37,"column":3}}},"fnMap":{},"branchMap":{},"s":{"0":1,"1":1,"2":1,"3":1,"4":1,"5":1},"f":{},"b":{}}
,"/Users/nadinefiona/Downloads/MyBrand-BE/src/controllers/MessageController.ts": {"path":"/Users/nadinefiona/Downloads/MyBrand-BE/src/controllers/MessageController.ts","statementMap":{"0":{"start":{"line":2,"column":0},"end":{"line":2,"column":47}},"1":{"start":{"line":3,"column":0},"end":{"line":3,"column":50}},"2":{"start":{"line":4,"column":0},"end":{"line":4,"column":61}},"3":{"start":{"line":16,"column":21},"end":{"line":16,"column":49}},"4":{"start":{"line":17,"column":4},"end":{"line":23,"column":5}},"5":{"start":{"line":18,"column":23},"end":{"line":18,"column":52}},"6":{"start":{"line":19,"column":6},"end":{"line":19,"column":85}},"7":{"start":{"line":21,"column":27},"end":{"line":21,"column":42}},"8":{"start":{"line":22,"column":6},"end":{"line":22,"column":55}},"9":{"start":{"line":27,"column":21},"end":{"line":27,"column":49}},"10":{"start":{"line":28,"column":4},"end":{"line":39,"column":5}},"11":{"start":{"line":29,"column":17},"end":{"line":29,"column":40}},"12":{"start":{"line":30,"column":22},"end":{"line":30,"column":53}},"13":{"start":{"line":31,"column":6},"end":{"line":35,"column":7}},"14":{"start":{"line":32,"column":8},"end":{"line":32,"column":84}},"15":{"start":{"line":34,"column":8},"end":{"line":34,"column":54}},"16":{"start":{"line":37,"column":27},"end":{"line":37,"column":42}},"17":{"start":{"line":38,"column":6},"end":{"line":38,"column":55}},"18":{"start":{"line":43,"column":21},"end":{"line":43,"column":49}},"19":{"start":{"line":44,"column":4},"end":{"line":56,"column":5}},"20":{"start":{"line":45,"column":36},"end":{"line":45,"column":44}},"21":{"start":{"line":46,"column":31},"end":{"line":46,"column":69}},"22":{"start":{"line":47,"column":6},"end":{"line":52,"column":7}},"23":{"start":{"line":48,"column":27},"end":{"line":48,"column":98}},"24":{"start":{"line":49,"column":8},"end":{"line":49,"column":90}},"25":{"start":{"line":51,"column":8},"end":{"line":51,"column":65}},"26":{"start":{"line":54,"column":27},"end":{"line":54,"column":42}},"27":{"start":{"line":55,"column":6},"end":{"line":55,"column":55}},"28":{"start":{"line":62,"column":21},"end":{"line":62,"column":49}},"29":{"start":{"line":63,"column":4},"end":{"line":74,"column":5}},"30":{"start":{"line":64,"column":17},"end":{"line":64,"column":40}},"31":{"start":{"line":65,"column":22},"end":{"line":65,"column":52}},"32":{"start":{"line":66,"column":6},"end":{"line":70,"column":7}},"33":{"start":{"line":67,"column":8},"end":{"line":67,"column":65}},"34":{"start":{"line":69,"column":8},"end":{"line":69,"column":54}},"35":{"start":{"line":72,"column":27},"end":{"line":72,"column":42}},"36":{"start":{"line":73,"column":6},"end":{"line":73,"column":55}},"37":{"start":{"line":78,"column":9},"end":{"line":78,"column":26}}},"fnMap":{"0":{"name":"(anonymous_14)","decl":{"start":{"line":15,"column":15},"end":{"line":15,"column":29}},"loc":{"start":{"line":15,"column":57},"end":{"line":24,"column":null}}},"1":{"name":"(anonymous_16)","decl":{"start":{"line":26,"column":15},"end":{"line":26,"column":29}},"loc":{"start":{"line":26,"column":57},"end":{"line":40,"column":null}}},"2":{"name":"(anonymous_18)","decl":{"start":{"line":42,"column":15},"end":{"line":42,"column":28}},"loc":{"start":{"line":42,"column":64},"end":{"line":57,"column":null}}},"3":{"name":"(anonymous_20)","decl":{"start":{"line":61,"column":15},"end":{"line":61,"column":28}},"loc":{"start":{"line":61,"column":56},"end":{"line":75,"column":null}}}},"branchMap":{"0":{"loc":{"start":{"line":31,"column":6},"end":{"line":35,"column":7}},"type":"if","locations":[{"start":{"line":31,"column":6},"end":{"line":35,"column":7}},{"start":{"line":33,"column":13},"end":{"line":35,"column":7}}]},"1":{"loc":{"start":{"line":47,"column":6},"end":{"line":52,"column":7}},"type":"if","locations":[{"start":{"line":47,"column":6},"end":{"line":52,"column":7}},{"start":{"line":50,"column":13},"end":{"line":52,"column":7}}]},"2":{"loc":{"start":{"line":66,"column":6},"end":{"line":70,"column":7}},"type":"if","locations":[{"start":{"line":66,"column":6},"end":{"line":70,"column":7}},{"start":{"line":68,"column":13},"end":{"line":70,"column":7}}]}},"s":{"0":1,"1":1,"2":1,"3":0,"4":0,"5":0,"6":0,"7":0,"8":0,"9":0,"10":0,"11":0,"12":0,"13":0,"14":0,"15":0,"16":0,"17":0,"18":1,"19":1,"20":1,"21":1,"22":1,"23":1,"24":1,"25":0,"26":0,"27":0,"28":1,"29":1,"30":1,"31":1,"32":1,"33":1,"34":0,"35":0,"36":0,"37":1},"f":{"0":0,"1":0,"2":1,"3":1},"b":{"0":[0,0],"1":[1,0],"2":[1,0]}}
,"/Users/nadinefiona/Downloads/MyBrand-BE/src/routes/routes.ts": {"path":"/Users/nadinefiona/Downloads/MyBrand-BE/src/routes/routes.ts","statementMap":{"0":{"start":{"line":1,"column":0},"end":{"line":1,"column":43}},"1":{"start":{"line":2,"column":0},"end":{"line":2,"column":63}},"2":{"start":{"line":3,"column":0},"end":{"line":3,"column":69}},"3":{"start":{"line":4,"column":0},"end":{"line":4,"column":63}},"4":{"start":{"line":5,"column":0},"end":{"line":5,"column":69}},"5":{"start":{"line":6,"column":0},"end":{"line":6,"column":63}},"6":{"start":{"line":7,"column":0},"end":{"line":7,"column":60}},"7":{"start":{"line":9,"column":23},"end":{"line":9,"column":39}},"8":{"start":{"line":407,"column":0},"end":{"line":407,"column":54}},"9":{"start":{"line":408,"column":0},"end":{"line":408,"column":70}},"10":{"start":{"line":409,"column":0},"end":{"line":409,"column":58}},"11":{"start":{"line":410,"column":0},"end":{"line":410,"column":76}},"12":{"start":{"line":411,"column":0},"end":{"line":411,"column":77}},"13":{"start":{"line":415,"column":0},"end":{"line":415,"column":72}},"14":{"start":{"line":416,"column":0},"end":{"line":416,"column":73}},"15":{"start":{"line":417,"column":0},"end":{"line":417,"column":98}},"16":{"start":{"line":422,"column":0},"end":{"line":422,"column":61}},"17":{"start":{"line":423,"column":0},"end":{"line":423,"column":74}},"18":{"start":{"line":424,"column":0},"end":{"line":424,"column":71}},"19":{"start":{"line":429,"column":0},"end":{"line":429,"column":80}},"20":{"start":{"line":430,"column":0},"end":{"line":430,"column":84}},"21":{"start":{"line":431,"column":0},"end":{"line":431,"column":63}},"22":{"start":{"line":432,"column":0},"end":{"line":432,"column":69}},"23":{"start":{"line":437,"column":0},"end":{"line":437,"column":51}},"24":{"start":{"line":438,"column":0},"end":{"line":438,"column":51}},"25":{"start":{"line":442,"column":0},"end":{"line":442,"column":21}}},"fnMap":{},"branchMap":{},"s":{"0":1,"1":1,"2":1,"3":1,"4":1,"5":1,"6":1,"7":1,"8":1,"9":1,"10":1,"11":1,"12":1,"13":1,"14":1,"15":1,"16":1,"17":1,"18":1,"19":1,"20":1,"21":1,"22":1,"23":1,"24":1,"25":1},"f":{},"b":{}}
}
