TN:
SF:src/index.ts
FN:28,(anonymous_1)
FNF:1
FNH:0
FNDA:0,(anonymous_1)
DA:1,1
DA:3,1
DA:4,1
DA:5,1
DA:6,1
DA:9,1
DA:11,1
DA:12,1
DA:14,1
DA:16,1
DA:19,1
DA:20,1
DA:21,1
DA:25,1
DA:28,1
DA:29,0
DA:32,1
LF:17
LH:16
BRDA:25,0,0,1
BRDA:25,0,1,0
BRF:2
BRH:1
end_of_record
TN:
SF:src/swagger.ts
FNF:0
FNH:0
DA:1,1
DA:2,1
DA:4,1
DA:30,1
DA:32,1
DA:33,1
LF:6
LH:6
BRF:0
BRH:0
end_of_record
TN:
SF:src/controllers/MessageController.ts
FN:15,(anonymous_14)
FN:26,(anonymous_16)
FN:42,(anonymous_18)
FN:61,(anonymous_20)
FNF:4
FNH:2
FNDA:0,(anonymous_14)
FNDA:0,(anonymous_16)
FNDA:1,(anonymous_18)
FNDA:1,(anonymous_20)
DA:2,1
DA:3,1
DA:4,1
DA:16,0
DA:17,0
DA:18,0
DA:19,0
DA:21,0
DA:22,0
DA:27,0
DA:28,0
DA:29,0
DA:30,0
DA:31,0
DA:32,0
DA:34,0
DA:37,0
DA:38,0
DA:43,1
DA:44,1
DA:45,1
DA:46,1
DA:47,1
DA:48,1
DA:49,1
DA:51,0
DA:54,0
DA:55,0
DA:62,1
DA:63,1
DA:64,1
DA:65,1
DA:66,1
DA:67,1
DA:69,0
DA:72,0
DA:73,0
DA:78,1
LF:38
LH:17
BRDA:31,0,0,0
BRDA:31,0,1,0
BRDA:47,1,0,1
BRDA:47,1,1,0
BRDA:66,2,0,1
BRDA:66,2,1,0
BRF:6
BRH:2
end_of_record
TN:
SF:src/routes/routes.ts
FNF:0
FNH:0
DA:1,1
DA:2,1
DA:3,1
DA:4,1
DA:5,1
DA:6,1
DA:7,1
DA:9,1
DA:407,1
DA:408,1
DA:409,1
DA:410,1
DA:411,1
DA:415,1
DA:416,1
DA:417,1
DA:422,1
DA:423,1
DA:424,1
DA:429,1
DA:430,1
DA:431,1
DA:432,1
DA:437,1
DA:438,1
DA:442,1
LF:26
LH:26
BRF:0
BRH:0
end_of_record
